2025-07-31 09:56:58,946 - INFO - logutil.py:49 - user 'root' login to system.
2025-07-31 09:57:37,441 - INFO - logutil.py:49 - load Json file success.
2025-07-31 09:57:37,441 - INFO - logutil.py:49 - user 'root' login to system.
2025-07-31 09:58:25,905 - INFO - logutil.py:49 - load Json file success.
2025-07-31 09:58:25,906 - INFO - logutil.py:49 - user 'root' login to system.
2025-07-31 09:58:35,417 - INFO - logutil.py:49 - load Json file success.
2025-07-31 09:58:35,417 - INFO - logutil.py:49 - user 'root' login to system.
2025-07-31 09:58:44,274 - INFO - logutil.py:49 - load Json file success.
2025-07-31 09:58:44,275 - ERROR - logutil.py:57 - username or password error.
2025-07-31 10:07:38,464 - INFO - logutil.py:49 - load Json file success.
2025-07-31 10:07:38,464 - ERROR - logutil.py:57 - username or password error.
2025-07-31 11:22:20,956 - INFO - logutil.py:49 - /login load Json file success.
2025-07-31 11:22:20,956 - INFO - logutil.py:49 - user 'admin' login to system.
2025-07-31 11:23:08,634 - INFO - logutil.py:49 - /register load json file success.
2025-07-31 11:23:13,122 - INFO - logutil.py:49 - /register load json file success.
2025-07-31 11:31:34,920 - INFO - logutil.py:49 - /register load json file success.
2025-07-31 11:32:18,657 - INFO - logutil.py:49 - /register load json file success.
2025-07-31 11:33:03,504 - INFO - logutil.py:49 - /register load json file success.
2025-07-31 11:33:44,552 - INFO - logutil.py:49 - /login load Json file success.
2025-07-31 11:33:44,552 - INFO - logutil.py:49 - user '111' login to system.
2025-07-31 11:43:27,895 - INFO - logutil.py:49 - /login load Json file success.
2025-07-31 11:43:27,895 - INFO - logutil.py:49 - user '111' login to system.
2025-07-31 14:11:48,895 - INFO - logutil.py:49 - /login load Json file success.
2025-07-31 14:11:48,895 - INFO - logutil.py:49 - user 'root' login to system.
2025-07-31 16:39:08,104 - INFO - logutil.py:49 - /register load json file success.
2025-07-31 16:39:08,104 - INFO - logutil.py:49 - user 111 has exists, please input correct password.
2025-07-31 16:40:03,434 - INFO - logutil.py:49 - /register load json file success.
2025-07-31 16:40:03,434 - INFO - logutil.py:49 - user 111 has exists, please input correct password.
2025-07-31 16:40:13,043 - INFO - logutil.py:49 - /register load json file success.
2025-07-31 16:40:13,043 - INFO - logutil.py:49 - user 111 has exists, please input correct password.
2025-07-31 16:40:45,235 - INFO - logutil.py:49 - /register load json file success.
2025-07-31 16:40:45,235 - INFO - logutil.py:49 - user 111 has exists, please input correct password.
2025-07-31 16:41:54,254 - INFO - logutil.py:49 - /register load json file success.
2025-07-31 16:41:54,254 - INFO - logutil.py:49 - user 111 has exists, please input correct password.
2025-07-31 16:42:28,165 - INFO - logutil.py:49 - /register load json file success.
2025-07-31 16:42:28,165 - INFO - logutil.py:49 - user 111 has exists, please input correct password.
2025-07-31 16:42:28,981 - INFO - logutil.py:49 - /register load json file success.
2025-07-31 16:42:28,981 - INFO - logutil.py:49 - user 111 has exists, please input correct password.
2025-07-31 16:42:29,166 - INFO - logutil.py:49 - /register load json file success.
2025-07-31 16:42:29,166 - INFO - logutil.py:49 - user 111 has exists, please input correct password.
2025-07-31 16:42:29,341 - INFO - logutil.py:49 - /register load json file success.
2025-07-31 16:42:29,341 - INFO - logutil.py:49 - user 111 has exists, please input correct password.
2025-07-31 16:42:33,871 - INFO - logutil.py:49 - /register load json file success.
2025-07-31 16:42:33,871 - INFO - logutil.py:49 - user 111 has exists, please input correct password.
2025-07-31 16:42:34,463 - INFO - logutil.py:49 - /register load json file success.
2025-07-31 16:42:34,463 - INFO - logutil.py:49 - user 111 has exists, please input correct password.
2025-07-31 16:42:34,614 - INFO - logutil.py:49 - /register load json file success.
2025-07-31 16:42:34,614 - INFO - logutil.py:49 - user 111 has exists, please input correct password.
2025-07-31 16:43:09,031 - INFO - logutil.py:49 - /register load json file success.
2025-07-31 16:43:09,032 - INFO - logutil.py:49 - user 111 has exists, please input correct password.
2025-07-31 16:43:09,798 - INFO - logutil.py:49 - /register load json file success.
2025-07-31 16:43:09,799 - INFO - logutil.py:49 - user 111 has exists, please input correct password.
2025-07-31 16:43:15,785 - INFO - logutil.py:49 - /login load Json file success.
2025-07-31 16:43:15,785 - ERROR - logutil.py:57 - username or password error.
2025-07-31 16:43:31,192 - INFO - logutil.py:49 - /register load json file success.
2025-07-31 16:43:42,137 - INFO - logutil.py:49 - /login load Json file success.
2025-07-31 16:43:42,138 - INFO - logutil.py:49 - user '123' login to system.
2025-07-31 19:36:43,637 - INFO - logutil.py:49 - /login load Json file success.
2025-07-31 19:36:43,637 - INFO - logutil.py:49 - user '111' login to system.
